#
# There is insufficient memory for the Java Runtime Environment to continue.
# Native memory allocation (malloc) failed to allocate 1156656 bytes for Chunk::new
# Possible reasons:
#   The system is out of physical RAM or swap space
#   The process is running with CompressedOops enabled, and the Java Heap may be blocking the growth of the native heap
# Possible solutions:
#   Reduce memory load on the system
#   Increase physical memory or swap space
#   Check if swap backing store is full
#   Decrease Java heap size (-Xmx/-Xms)
#   Decrease number of Java threads
#   Decrease Java thread stack sizes (-Xss)
#   Set larger code cache with -XX:ReservedCodeCacheSize=
#   JVM is running with Unscaled Compressed Oops mode in which the Java heap is
#     placed in the first 4GB address space. The Java Heap base address is the
#     maximum limit for the native heap growth. Please use -XX:HeapBaseMinAddress
#     to set the Java Heap base and to place the Java Heap above 4GB virtual address.
# This output file may be truncated or incomplete.
#
#  Out of Memory Error (allocation.cpp:389), pid=25892, tid=0x000000000000189c
#
# JRE version: Java(TM) SE Runtime Environment (8.0_291-b10) (build 1.8.0_291-b10)
# Java VM: Java HotSpot(TM) 64-Bit Server VM (25.291-b10 mixed mode windows-amd64 compressed oops)
# Failed to write core dump. Minidumps are not enabled by default on client versions of Windows
#

---------------  T H R E A D  ---------------

Current thread (0x000001d3f85ef000):  JavaThread "C2 CompilerThread1" daemon [_thread_in_native, id=6300, stack(0x000000bdc5c00000,0x000000bdc5d00000)]

Stack: [0x000000bdc5c00000,0x000000bdc5d00000]
Native frames: (J=compiled Java code, j=interpreted, Vv=VM code, C=native code)
V  [jvm.dll+0x32ea19]
V  [jvm.dll+0x275462]
V  [jvm.dll+0x27610d]
V  [jvm.dll+0x26cb45]
V  [jvm.dll+0xd524c]
V  [jvm.dll+0xd5a4c]
V  [jvm.dll+0x46fd43]
V  [jvm.dll+0x437a08]
V  [jvm.dll+0x440855]
V  [jvm.dll+0x43fc15]
V  [jvm.dll+0x42aa57]
V  [jvm.dll+0xabeeb]
V  [jvm.dll+0xaa54b]
V  [jvm.dll+0x23db02]
V  [jvm.dll+0x29210c]
C  [ucrtbase.dll+0x21bb2]
C  [KERNEL32.DLL+0x17034]
C  [ntdll.dll+0x52651]


Current CompileTask:
C2:  29041 4173       4       java.lang.Class::getMethod0 (40 bytes)


---------------  P R O C E S S  ---------------

Java Threads: ( => current thread )
  0x000001d3faf02000 JavaThread "Exec Stream Pumper" daemon [_thread_in_native, id=18996, stack(0x000000bdc6800000,0x000000bdc6900000)]
  0x000001d3faf00800 JavaThread "Exec Stream Pumper" daemon [_thread_in_native, id=25532, stack(0x000000bdc6700000,0x000000bdc6800000)]
  0x000001d3faefe800 JavaThread "Exec Default Executor" daemon [_thread_in_native, id=13692, stack(0x000000bdc6600000,0x000000bdc6700000)]
  0x000001d3faf05000 JavaThread "Okio Watchdog" daemon [_thread_blocked, id=15568, stack(0x000000bdc6f00000,0x000000bdc7000000)]
  0x000001d3faf04800 JavaThread "OkHttp ConnectionPool" daemon [_thread_blocked, id=23052, stack(0x000000bdc6e00000,0x000000bdc6f00000)]
  0x000001d3fee96800 JavaThread "UrlChecker-2" daemon [_thread_blocked, id=24056, stack(0x000000bdc6900000,0x000000bdc6a00000)]
  0x000001d3fd538800 JavaThread "ForkJoinPool.commonPool-worker-4" daemon [_thread_blocked, id=27888, stack(0x000000bdc6500000,0x000000bdc6600000)]
  0x000001d3fd537800 JavaThread "ForkJoinPool.commonPool-worker-3" daemon [_thread_blocked, id=19676, stack(0x000000bdc6400000,0x000000bdc6500000)]
  0x000001d3fd537000 JavaThread "ForkJoinPool.commonPool-worker-2" daemon [_thread_blocked, id=22552, stack(0x000000bdc6300000,0x000000bdc6400000)]
  0x000001d3fbc03000 JavaThread "ForkJoinPool.commonPool-worker-1" daemon [_thread_blocked, id=25292, stack(0x000000bdc6200000,0x000000bdc6300000)]
  0x000001d3faf78800 JavaThread "ReaderThread" [_thread_in_native, id=9456, stack(0x000000bdc6100000,0x000000bdc6200000)]
  0x000001d3fa350000 JavaThread "Service Thread" daemon [_thread_blocked, id=3536, stack(0x000000bdc5f00000,0x000000bdc6000000)]
  0x000001d3f85fe000 JavaThread "C1 CompilerThread3" daemon [_thread_blocked, id=25572, stack(0x000000bdc5e00000,0x000000bdc5f00000)]
  0x000001d3f85f9000 JavaThread "C2 CompilerThread2" daemon [_thread_blocked, id=9368, stack(0x000000bdc5d00000,0x000000bdc5e00000)]
=>0x000001d3f85ef000 JavaThread "C2 CompilerThread1" daemon [_thread_in_native, id=6300, stack(0x000000bdc5c00000,0x000000bdc5d00000)]
  0x000001d3f85ec000 JavaThread "C2 CompilerThread0" daemon [_thread_in_native, id=27484, stack(0x000000bdc5b00000,0x000000bdc5c00000)]
  0x000001d3f85e8800 JavaThread "Attach Listener" daemon [_thread_blocked, id=18100, stack(0x000000bdc5a00000,0x000000bdc5b00000)]
  0x000001d3f85e7800 JavaThread "Signal Dispatcher" daemon [_thread_blocked, id=28252, stack(0x000000bdc5900000,0x000000bdc5a00000)]
  0x000001d3f85cd800 JavaThread "Finalizer" daemon [_thread_blocked, id=8740, stack(0x000000bdc5800000,0x000000bdc5900000)]
  0x000001d3f142b000 JavaThread "Reference Handler" daemon [_thread_blocked, id=13232, stack(0x000000bdc5700000,0x000000bdc5800000)]
  0x000001d3f1390000 JavaThread "Forwarding clickElement on session 1ab64f3692737de888926dc143ca6300 to remote" [_thread_in_native, id=19044, stack(0x000000bdc4d00000,0x000000bdc4e00000)]

Other Threads:
  0x000001d3f859f000 VMThread [stack: 0x000000bdc5600000,0x000000bdc5700000] [id=27660]
  0x000001d3f864e800 WatcherThread [stack: 0x000000bdc6000000,0x000000bdc6100000] [id=6164]

VM state:not at safepoint (normal execution)

VM Mutex/Monitor currently owned by a thread: None

heap address: 0x0000000084c00000, size: 1972 MB, Compressed Oops mode: 32-bit
Narrow klass base: 0x0000000000000000, Narrow klass shift: 3
Compressed class space size: 1073741824 Address: 0x0000000100000000

Heap:
 PSYoungGen      total 100864K, used 80289K [0x00000000d6f00000, 0x00000000df200000, 0x0000000100000000)
  eden space 90112K, 85% used [0x00000000d6f00000,0x00000000db9e39d0,0x00000000dc700000)
  from space 10752K, 33% used [0x00000000dc700000,0x00000000dca84c58,0x00000000dd180000)
  to   space 10752K, 0% used [0x00000000de780000,0x00000000de780000,0x00000000df200000)
 ParOldGen       total 87040K, used 11892K [0x0000000084c00000, 0x000000008a100000, 0x00000000d6f00000)
  object space 87040K, 13% used [0x0000000084c00000,0x000000008579d220,0x000000008a100000)
 Metaspace       used 40027K, capacity 41954K, committed 42072K, reserved 1085440K
  class space    used 5521K, capacity 5969K, committed 6016K, reserved 1048576K

Card table byte_map: [0x000001d3f3160000,0x000001d3f3540000] byte_map_base: 0x000001d3f2d3a000

Marking Bits: (ParMarkBitMap*) 0x000000005b7d7fe0
 Begin Bits: [0x000001d3f37e0000, 0x000001d3f56b0000)
 End Bits:   [0x000001d3f56b0000, 0x000001d3f7580000)

Polling page: 0x000001d3f1540000

CodeCache: size=245760Kb used=11385Kb max_used=12560Kb free=234374Kb
 bounds [0x000001d380000000, 0x000001d380c50000, 0x000001d38f000000]
 total_blobs=4236 nmethods=3749 adapters=397
 compilation: enabled

Compilation events (10 events):
Event: 28.945 Thread 0x000001d3f85fe000 nmethod 4181 0x000001d3802e3a10 code [0x000001d3802e3b80, 0x000001d3802e3eb0]
Event: 28.945 Thread 0x000001d3f85fe000 4184  s    3       java.net.Socket::setSoTimeout (50 bytes)
Event: 28.945 Thread 0x000001d3f85fe000 nmethod 4184 0x000001d3802da190 code [0x000001d3802da380, 0x000001d3802daee0]
Event: 28.945 Thread 0x000001d3f85fe000 4182       1       java.net.URI::getHost (5 bytes)
Event: 28.946 Thread 0x000001d3f85fe000 nmethod 4182 0x000001d38050b890 code [0x000001d38050b9e0, 0x000001d38050baf8]
Event: 28.948 Thread 0x000001d3f85f9000 nmethod 4183 0x000001d3802d9990 code [0x000001d3802d9ae0, 0x000001d3802d9e18]
Event: 28.968 Thread 0x000001d3f85fe000 4185       1       com.google.common.collect.RegularImmutableMultiset::hashCode (5 bytes)
Event: 28.968 Thread 0x000001d3f85fe000 nmethod 4185 0x000001d3802e3750 code [0x000001d3802e38a0, 0x000001d3802e39b8]
Event: 28.969 Thread 0x000001d3f85fe000 4186       1       java.lang.Thread::getName (5 bytes)
Event: 28.969 Thread 0x000001d3f85fe000 nmethod 4186 0x000001d3802e3490 code [0x000001d3802e35e0, 0x000001d3802e36f8]

GC Heap History (10 events):
Event: 5.003 GC heap before
{Heap before GC invocations=9 (full 1):
 PSYoungGen      total 57344K, used 53548K [0x00000000d6f00000, 0x00000000dc780000, 0x0000000100000000)
  eden space 47104K, 100% used [0x00000000d6f00000,0x00000000d9d00000,0x00000000d9d00000)
  from space 10240K, 62% used [0x00000000d9d00000,0x00000000da34b1e0,0x00000000da700000)
  to   space 10240K, 0% used [0x00000000dbd80000,0x00000000dbd80000,0x00000000dc780000)
 ParOldGen       total 62976K, used 8706K [0x0000000084c00000, 0x0000000088980000, 0x00000000d6f00000)
  object space 62976K, 13% used [0x0000000084c00000,0x0000000085480ad0,0x0000000088980000)
 Metaspace       used 32798K, capacity 34192K, committed 34304K, reserved 1079296K
  class space    used 4471K, capacity 4808K, committed 4864K, reserved 1048576K
Event: 5.009 GC heap after
Heap after GC invocations=9 (full 1):
 PSYoungGen      total 79360K, used 8332K [0x00000000d6f00000, 0x00000000dc900000, 0x0000000100000000)
  eden space 69120K, 0% used [0x00000000d6f00000,0x00000000d6f00000,0x00000000db280000)
  from space 10240K, 81% used [0x00000000dbd80000,0x00000000dc5a3320,0x00000000dc780000)
  to   space 11264K, 0% used [0x00000000db280000,0x00000000db280000,0x00000000dbd80000)
 ParOldGen       total 62976K, used 8714K [0x0000000084c00000, 0x0000000088980000, 0x00000000d6f00000)
  object space 62976K, 13% used [0x0000000084c00000,0x0000000085482ad0,0x0000000088980000)
 Metaspace       used 32798K, capacity 34192K, committed 34304K, reserved 1079296K
  class space    used 4471K, capacity 4808K, committed 4864K, reserved 1048576K
}
Event: 5.128 GC heap before
{Heap before GC invocations=10 (full 1):
 PSYoungGen      total 79360K, used 38329K [0x00000000d6f00000, 0x00000000dc900000, 0x0000000100000000)
  eden space 69120K, 43% used [0x00000000d6f00000,0x00000000d8c4b338,0x00000000db280000)
  from space 10240K, 81% used [0x00000000dbd80000,0x00000000dc5a3320,0x00000000dc780000)
  to   space 11264K, 0% used [0x00000000db280000,0x00000000db280000,0x00000000dbd80000)
 ParOldGen       total 62976K, used 8714K [0x0000000084c00000, 0x0000000088980000, 0x00000000d6f00000)
  object space 62976K, 13% used [0x0000000084c00000,0x0000000085482ad0,0x0000000088980000)
 Metaspace       used 34008K, capacity 35378K, committed 35416K, reserved 1079296K
  class space    used 4657K, capacity 4969K, committed 4992K, reserved 1048576K
Event: 5.133 GC heap after
Heap after GC invocations=10 (full 1):
 PSYoungGen      total 80384K, used 7089K [0x00000000d6f00000, 0x00000000de300000, 0x0000000100000000)
  eden space 69120K, 0% used [0x00000000d6f00000,0x00000000d6f00000,0x00000000db280000)
  from space 11264K, 62% used [0x00000000db280000,0x00000000db96c728,0x00000000dbd80000)
  to   space 11264K, 0% used [0x00000000dd800000,0x00000000dd800000,0x00000000de300000)
 ParOldGen       total 62976K, used 8714K [0x0000000084c00000, 0x0000000088980000, 0x00000000d6f00000)
  object space 62976K, 13% used [0x0000000084c00000,0x0000000085482ad0,0x0000000088980000)
 Metaspace       used 34008K, capacity 35378K, committed 35416K, reserved 1079296K
  class space    used 4657K, capacity 4969K, committed 4992K, reserved 1048576K
}
Event: 5.133 GC heap before
{Heap before GC invocations=11 (full 2):
 PSYoungGen      total 80384K, used 7089K [0x00000000d6f00000, 0x00000000de300000, 0x0000000100000000)
  eden space 69120K, 0% used [0x00000000d6f00000,0x00000000d6f00000,0x00000000db280000)
  from space 11264K, 62% used [0x00000000db280000,0x00000000db96c728,0x00000000dbd80000)
  to   space 11264K, 0% used [0x00000000dd800000,0x00000000dd800000,0x00000000de300000)
 ParOldGen       total 62976K, used 8714K [0x0000000084c00000, 0x0000000088980000, 0x00000000d6f00000)
  object space 62976K, 13% used [0x0000000084c00000,0x0000000085482ad0,0x0000000088980000)
 Metaspace       used 34008K, capacity 35378K, committed 35416K, reserved 1079296K
  class space    used 4657K, capacity 4969K, committed 4992K, reserved 1048576K
Event: 5.170 GC heap after
Heap after GC invocations=11 (full 2):
 PSYoungGen      total 80384K, used 0K [0x00000000d6f00000, 0x00000000de300000, 0x0000000100000000)
  eden space 69120K, 0% used [0x00000000d6f00000,0x00000000d6f00000,0x00000000db280000)
  from space 11264K, 0% used [0x00000000db280000,0x00000000db280000,0x00000000dbd80000)
  to   space 11264K, 0% used [0x00000000dd800000,0x00000000dd800000,0x00000000de300000)
 ParOldGen       total 87040K, used 11876K [0x0000000084c00000, 0x000000008a100000, 0x00000000d6f00000)
  object space 87040K, 13% used [0x0000000084c00000,0x0000000085799220,0x000000008a100000)
 Metaspace       used 34008K, capacity 35378K, committed 35416K, reserved 1079296K
  class space    used 4657K, capacity 4969K, committed 4992K, reserved 1048576K
}
Event: 11.412 GC heap before
{Heap before GC invocations=12 (full 2):
 PSYoungGen      total 80384K, used 69120K [0x00000000d6f00000, 0x00000000de300000, 0x0000000100000000)
  eden space 69120K, 100% used [0x00000000d6f00000,0x00000000db280000,0x00000000db280000)
  from space 11264K, 0% used [0x00000000db280000,0x00000000db280000,0x00000000dbd80000)
  to   space 11264K, 0% used [0x00000000dd800000,0x00000000dd800000,0x00000000de300000)
 ParOldGen       total 87040K, used 11876K [0x0000000084c00000, 0x000000008a100000, 0x00000000d6f00000)
  object space 87040K, 13% used [0x0000000084c00000,0x0000000085799220,0x000000008a100000)
 Metaspace       used 37727K, capacity 39530K, committed 39768K, reserved 1083392K
  class space    used 5241K, capacity 5635K, committed 5760K, reserved 1048576K
Event: 11.416 GC heap after
Heap after GC invocations=12 (full 2):
 PSYoungGen      total 93696K, used 4037K [0x00000000d6f00000, 0x00000000ddc00000, 0x0000000100000000)
  eden space 89600K, 0% used [0x00000000d6f00000,0x00000000d6f00000,0x00000000dc680000)
  from space 4096K, 98% used [0x00000000dd800000,0x00000000ddbf1490,0x00000000ddc00000)
  to   space 10752K, 0% used [0x00000000dc700000,0x00000000dc700000,0x00000000dd180000)
 ParOldGen       total 87040K, used 11884K [0x0000000084c00000, 0x000000008a100000, 0x00000000d6f00000)
  object space 87040K, 13% used [0x0000000084c00000,0x000000008579b220,0x000000008a100000)
 Metaspace       used 37727K, capacity 39530K, committed 39768K, reserved 1083392K
  class space    used 5241K, capacity 5635K, committed 5760K, reserved 1048576K
}
Event: 18.762 GC heap before
{Heap before GC invocations=13 (full 2):
 PSYoungGen      total 93696K, used 93637K [0x00000000d6f00000, 0x00000000ddc00000, 0x0000000100000000)
  eden space 89600K, 100% used [0x00000000d6f00000,0x00000000dc680000,0x00000000dc680000)
  from space 4096K, 98% used [0x00000000dd800000,0x00000000ddbf1490,0x00000000ddc00000)
  to   space 10752K, 0% used [0x00000000dc700000,0x00000000dc700000,0x00000000dd180000)
 ParOldGen       total 87040K, used 11884K [0x0000000084c00000, 0x000000008a100000, 0x00000000d6f00000)
  object space 87040K, 13% used [0x0000000084c00000,0x000000008579b220,0x000000008a100000)
 Metaspace       used 39797K, capacity 41676K, committed 41816K, reserved 1085440K
  class space    used 5504K, capacity 5928K, committed 6016K, reserved 1048576K
Event: 18.766 GC heap after
Heap after GC invocations=13 (full 2):
 PSYoungGen      total 100864K, used 3603K [0x00000000d6f00000, 0x00000000df200000, 0x0000000100000000)
  eden space 90112K, 0% used [0x00000000d6f00000,0x00000000d6f00000,0x00000000dc700000)
  from space 10752K, 33% used [0x00000000dc700000,0x00000000dca84c58,0x00000000dd180000)
  to   space 10752K, 0% used [0x00000000de780000,0x00000000de780000,0x00000000df200000)
 ParOldGen       total 87040K, used 11892K [0x0000000084c00000, 0x000000008a100000, 0x00000000d6f00000)
  object space 87040K, 13% used [0x0000000084c00000,0x000000008579d220,0x000000008a100000)
 Metaspace       used 39797K, capacity 41676K, committed 41816K, reserved 1085440K
  class space    used 5504K, capacity 5928K, committed 6016K, reserved 1048576K
}

Deoptimization events (10 events):
Event: 16.261 Thread 0x000001d3f1390000 Uncommon trap: reason=unstable_if action=reinterpret pc=0x000001d380b70474 method=java.lang.Class.searchMethods([Ljava/lang/reflect/Method;Ljava/lang/String;[Ljava/lang/Class;)Ljava/lang/reflect/Method; @ 47
Event: 18.575 Thread 0x000001d3f1390000 Uncommon trap: reason=unstable_if action=reinterpret pc=0x000001d380b87fbc method=java.lang.Class.searchMethods([Ljava/lang/reflect/Method;Ljava/lang/String;[Ljava/lang/Class;)Ljava/lang/reflect/Method; @ 47
Event: 18.622 Thread 0x000001d3f1390000 Uncommon trap: reason=unstable_if action=reinterpret pc=0x000001d380a026d8 method=java.util.regex.Pattern$Curly.study(Ljava/util/regex/Pattern$TreeInfo;)Z @ 71
Event: 20.194 Thread 0x000001d3f1390000 Uncommon trap: reason=unstable_if action=reinterpret pc=0x000001d3808ec270 method=java.util.regex.Pattern.escape(ZZZ)I @ 753
Event: 20.201 Thread 0x000001d3f1390000 Uncommon trap: reason=class_check action=maybe_recompile pc=0x000001d38011498c method=java.util.TreeMap.put(Ljava/lang/Object;Ljava/lang/Object;)Ljava/lang/Object; @ 127
Event: 20.201 Thread 0x000001d3f1390000 Uncommon trap: reason=class_check action=maybe_recompile pc=0x000001d38011498c method=java.util.TreeMap.put(Ljava/lang/Object;Ljava/lang/Object;)Ljava/lang/Object; @ 127
Event: 20.201 Thread 0x000001d3f1390000 Uncommon trap: reason=class_check action=maybe_recompile pc=0x000001d38011498c method=java.util.TreeMap.put(Ljava/lang/Object;Ljava/lang/Object;)Ljava/lang/Object; @ 127
Event: 20.201 Thread 0x000001d3f1390000 Uncommon trap: reason=class_check action=maybe_recompile pc=0x000001d38011498c method=java.util.TreeMap.put(Ljava/lang/Object;Ljava/lang/Object;)Ljava/lang/Object; @ 127
Event: 20.213 Thread 0x000001d3f1390000 Uncommon trap: reason=unstable_if action=reinterpret pc=0x000001d380bef11c method=java.util.stream.MatchOps$BooleanTerminalSink.<init>(Ljava/util/stream/MatchOps$MatchKind;)V @ 9
Event: 20.216 Thread 0x000001d3f1390000 Uncommon trap: reason=unstable_if action=reinterpret pc=0x000001d380ace9e8 method=java.util.stream.MatchOps$BooleanTerminalSink.<init>(Ljava/util/stream/MatchOps$MatchKind;)V @ 9

Classes redefined (0 events):
No events

Internal exceptions (10 events):
Event: 26.121 Thread 0x000001d3f1390000 Exception <a 'java/net/SocketTimeoutException': Read timed out> (0x00000000da917778) thrown at [C:\jenkins\workspace\8-2-build-windows-amd64-cygwin\jdk8u291\1294\hotspot\src\share\vm\prims\jni.cpp, line 737]
Event: 26.136 Thread 0x000001d3f1390000 Exception <a 'java/net/SocketTimeoutException': Read timed out> (0x00000000da933970) thrown at [C:\jenkins\workspace\8-2-build-windows-amd64-cygwin\jdk8u291\1294\hotspot\src\share\vm\prims\jni.cpp, line 737]
Event: 26.231 Thread 0x000001d3f1390000 Exception <a 'java/net/SocketTimeoutException': Read timed out> (0x00000000dad8d408) thrown at [C:\jenkins\workspace\8-2-build-windows-amd64-cygwin\jdk8u291\1294\hotspot\src\share\vm\prims\jni.cpp, line 737]
Event: 28.834 Thread 0x000001d3f1390000 Exception <a 'java/net/SocketTimeoutException': Read timed out> (0x00000000db1eb578) thrown at [C:\jenkins\workspace\8-2-build-windows-amd64-cygwin\jdk8u291\1294\hotspot\src\share\vm\prims\jni.cpp, line 737]
Event: 28.850 Thread 0x000001d3f1390000 Exception <a 'java/net/SocketTimeoutException': Read timed out> (0x00000000db240808) thrown at [C:\jenkins\workspace\8-2-build-windows-amd64-cygwin\jdk8u291\1294\hotspot\src\share\vm\prims\jni.cpp, line 737]
Event: 28.865 Thread 0x000001d3f1390000 Exception <a 'java/net/SocketTimeoutException': Read timed out> (0x00000000db25c9e0) thrown at [C:\jenkins\workspace\8-2-build-windows-amd64-cygwin\jdk8u291\1294\hotspot\src\share\vm\prims\jni.cpp, line 737]
Event: 28.928 Thread 0x000001d3f1390000 Exception <a 'java/net/SocketTimeoutException': Read timed out> (0x00000000db3ee510) thrown at [C:\jenkins\workspace\8-2-build-windows-amd64-cygwin\jdk8u291\1294\hotspot\src\share\vm\prims\jni.cpp, line 737]
Event: 28.960 Thread 0x000001d3f1390000 Exception <a 'java/net/SocketTimeoutException': Read timed out> (0x00000000db853368) thrown at [C:\jenkins\workspace\8-2-build-windows-amd64-cygwin\jdk8u291\1294\hotspot\src\share\vm\prims\jni.cpp, line 737]
Event: 28.975 Thread 0x000001d3f1390000 Exception <a 'java/net/SocketTimeoutException': Read timed out> (0x00000000db8a85f8) thrown at [C:\jenkins\workspace\8-2-build-windows-amd64-cygwin\jdk8u291\1294\hotspot\src\share\vm\prims\jni.cpp, line 737]
Event: 28.990 Thread 0x000001d3f1390000 Exception <a 'java/net/SocketTimeoutException': Read timed out> (0x00000000db8c47e0) thrown at [C:\jenkins\workspace\8-2-build-windows-amd64-cygwin\jdk8u291\1294\hotspot\src\share\vm\prims\jni.cpp, line 737]

Events (10 events):
Event: 25.966 Executing VM operation: RevokeBias
Event: 25.966 Executing VM operation: RevokeBias done
Event: 25.966 Executing VM operation: RevokeBias
Event: 25.966 Executing VM operation: RevokeBias done
Event: 25.966 Thread 0x000001d3faeff000 Thread exited: 0x000001d3faeff000
Event: 26.196 loading class startsharp/task/Meeting/SelectOptionMeetings
Event: 26.196 loading class startsharp/task/Meeting/SelectOptionMeetings done
Event: 26.966 Executing VM operation: RevokeBias
Event: 26.966 Executing VM operation: RevokeBias done
Event: 26.966 Thread 0x000001d3faf03000 Thread exited: 0x000001d3faf03000


Dynamic libraries:
0x00007ff655270000 - 0x00007ff6552b7000 	C:\Program Files\Java\jre1.8.0_291\bin\javaw.exe
0x00007ffd88af0000 - 0x00007ffd88ce5000 	C:\windows\SYSTEM32\ntdll.dll
0x00007ffd88930000 - 0x00007ffd889ee000 	C:\windows\System32\KERNEL32.DLL
0x00007ffd86590000 - 0x00007ffd86859000 	C:\windows\System32\KERNELBASE.dll
0x00007ffd88a00000 - 0x00007ffd88aac000 	C:\windows\System32\ADVAPI32.dll
0x00007ffd86ef0000 - 0x00007ffd86f8e000 	C:\windows\System32\msvcrt.dll
0x00007ffd887b0000 - 0x00007ffd8884b000 	C:\windows\System32\sechost.dll
0x00007ffd87d30000 - 0x00007ffd87e5a000 	C:\windows\System32\RPCRT4.dll
0x00007ffd87730000 - 0x00007ffd878d1000 	C:\windows\System32\USER32.dll
0x00007ffd86ab0000 - 0x00007ffd86ad2000 	C:\windows\System32\win32u.dll
0x00007ffd878e0000 - 0x00007ffd8790b000 	C:\windows\System32\GDI32.dll
0x00007ffd868f0000 - 0x00007ffd869fb000 	C:\windows\System32\gdi32full.dll
0x00007ffd864a0000 - 0x00007ffd8653d000 	C:\windows\System32\msvcp_win.dll
0x00007ffd86210000 - 0x00007ffd86310000 	C:\windows\System32\ucrtbase.dll
0x00007ffd6c630000 - 0x00007ffd6c8ca000 	C:\windows\WinSxS\amd64_microsoft.windows.common-controls_6595b64144ccf1df_6.0.19041.1110_none_60b5254171f9507e\COMCTL32.dll
0x00007ffd86b40000 - 0x00007ffd86b70000 	C:\windows\System32\IMM32.DLL
0x00007ffd81380000 - 0x00007ffd81395000 	C:\Program Files\Java\jre1.8.0_291\bin\vcruntime140.dll
0x00007ffd3dc80000 - 0x00007ffd3dd1b000 	C:\Program Files\Java\jre1.8.0_291\bin\msvcp140.dll
0x000000005aff0000 - 0x000000005b850000 	C:\Program Files\Java\jre1.8.0_291\bin\server\jvm.dll
0x00007ffd879a0000 - 0x00007ffd879a8000 	C:\windows\System32\PSAPI.DLL
0x00007ffd658a0000 - 0x00007ffd658c7000 	C:\windows\SYSTEM32\WINMM.dll
0x00007ffd6b680000 - 0x00007ffd6b689000 	C:\windows\SYSTEM32\WSOCK32.dll
0x00007ffd7f660000 - 0x00007ffd7f66a000 	C:\windows\SYSTEM32\VERSION.dll
0x00007ffd879b0000 - 0x00007ffd87a1b000 	C:\windows\System32\WS2_32.dll
0x00007ffd84ae0000 - 0x00007ffd84af2000 	C:\windows\SYSTEM32\kernel.appcore.dll
0x00007ffd81370000 - 0x00007ffd81380000 	C:\Program Files\Java\jre1.8.0_291\bin\verify.dll
0x00007ffd4e160000 - 0x00007ffd4e18b000 	C:\Program Files\Java\jre1.8.0_291\bin\java.dll
0x00007ffd4e2e0000 - 0x00007ffd4e2f8000 	C:\Program Files\Java\jre1.8.0_291\bin\zip.dll
0x00007ffd86ff0000 - 0x00007ffd8772f000 	C:\windows\System32\SHELL32.dll
0x00007ffd84040000 - 0x00007ffd847d0000 	C:\windows\SYSTEM32\windows.storage.dll
0x00007ffd86b90000 - 0x00007ffd86ee5000 	C:\windows\System32\combase.dll
0x00007ffd85c60000 - 0x00007ffd85c8c000 	C:\windows\SYSTEM32\Wldp.dll
0x00007ffd87b60000 - 0x00007ffd87c0e000 	C:\windows\System32\SHCORE.dll
0x00007ffd87e60000 - 0x00007ffd87eb5000 	C:\windows\System32\shlwapi.dll
0x00007ffd86150000 - 0x00007ffd8616f000 	C:\windows\SYSTEM32\profapi.dll
0x00007ffd42bf0000 - 0x00007ffd42c0c000 	C:\Program Files\Java\jre1.8.0_291\bin\net.dll
0x00007ffd859c0000 - 0x00007ffd85a2a000 	C:\windows\system32\mswsock.dll
0x00007ffd53e50000 - 0x00007ffd53e67000 	C:\windows\system32\napinsp.dll
0x00007ffd53e30000 - 0x00007ffd53e4b000 	C:\windows\system32\pnrpnsp.dll
0x00007ffd80e30000 - 0x00007ffd80e45000 	C:\windows\system32\wshbth.dll
0x00007ffd81500000 - 0x00007ffd8151d000 	C:\windows\system32\NLAapi.dll
0x00007ffd85660000 - 0x00007ffd8569b000 	C:\windows\SYSTEM32\IPHLPAPI.DLL
0x00007ffd856a0000 - 0x00007ffd8576c000 	C:\windows\SYSTEM32\DNSAPI.dll
0x00007ffd889f0000 - 0x00007ffd889f8000 	C:\windows\System32\NSI.dll
0x00007ffd53e10000 - 0x00007ffd53e22000 	C:\windows\System32\winrnr.dll
0x00007ffd6c8d0000 - 0x00007ffd6c8da000 	C:\Windows\System32\rasadhlp.dll
0x00007ffd6cc30000 - 0x00007ffd6ccaf000 	C:\windows\System32\fwpuclnt.dll
0x00007ffd86470000 - 0x00007ffd86497000 	C:\windows\System32\bcrypt.dll
0x00007ffd3dbf0000 - 0x00007ffd3dc03000 	C:\Program Files\Java\jre1.8.0_291\bin\nio.dll
0x00007ffd85bb0000 - 0x00007ffd85bc8000 	C:\windows\SYSTEM32\CRYPTSP.dll
0x00007ffd852d0000 - 0x00007ffd85304000 	C:\windows\system32\rsaenh.dll
0x00007ffd86110000 - 0x00007ffd8613e000 	C:\windows\SYSTEM32\USERENV.dll
0x00007ffd86860000 - 0x00007ffd868e3000 	C:\windows\System32\bcryptprimitives.dll
0x00007ffd85bd0000 - 0x00007ffd85bdc000 	C:\windows\SYSTEM32\CRYPTBASE.dll
0x00007ffd7d7a0000 - 0x00007ffd7d7b7000 	C:\windows\SYSTEM32\dhcpcsvc6.DLL
0x00007ffd7daa0000 - 0x00007ffd7dabd000 	C:\windows\SYSTEM32\dhcpcsvc.DLL
0x00007ffd3dbc0000 - 0x00007ffd3dbe4000 	C:\Program Files\Java\jre1.8.0_291\bin\sunec.dll
0x00007ffd6a7f0000 - 0x00007ffd6a7fd000 	C:\Program Files\Java\jre1.8.0_291\bin\sunmscapi.dll
0x00007ffd86310000 - 0x00007ffd86466000 	C:\windows\System32\CRYPT32.dll
0x00007ffd85cd0000 - 0x00007ffd85cf7000 	C:\windows\SYSTEM32\ncrypt.dll
0x00007ffd85c90000 - 0x00007ffd85ccb000 	C:\windows\SYSTEM32\NTASN1.dll
0x00007ffd83e50000 - 0x00007ffd84034000 	C:\windows\SYSTEM32\dbghelp.dll

VM Arguments:
jvm_args: -ea -Dfile.encoding=UTF-8 
java_command: org.eclipse.jdt.internal.junit.runner.RemoteTestRunner -version 3 -port 49261 -testLoaderClass org.eclipse.jdt.internal.junit4.runner.JUnit4TestLoader -loaderpluginname org.eclipse.jdt.junit4.runtime -classNames startsharp.runners.BusinessUnitRunner
java_class_path (initial): C:\PERSONAL\WorkSpace_Choucair\StartSharp\target\test-classes;C:\PERSONAL\WorkSpace_Choucair\StartSharp\target\classes;C:\Users\GreenSQA\.m2\repository\net\serenity-bdd\serenity-core\2.6.0\serenity-core-2.6.0.jar;C:\Users\GreenSQA\.m2\repository\net\serenity-bdd\serenity-model\2.6.0\serenity-model-2.6.0.jar;C:\Users\GreenSQA\.m2\repository\org\apache\commons\commons-text\1.9\commons-text-1.9.jar;C:\Users\GreenSQA\.m2\repository\commons-net\commons-net\3.6\commons-net-3.6.jar;C:\Users\GreenSQA\.m2\repository\com\google\guava\guava\30.1-jre\guava-30.1-jre.jar;C:\Users\GreenSQA\.m2\repository\com\google\guava\failureaccess\1.0.1\failureaccess-1.0.1.jar;C:\Users\GreenSQA\.m2\repository\com\google\guava\listenablefuture\9999.0-empty-to-avoid-conflict-with-guava\listenablefuture-9999.0-empty-to-avoid-conflict-with-guava.jar;C:\Users\GreenSQA\.m2\repository\com\google\code\findbugs\jsr305\3.0.2\jsr305-3.0.2.jar;C:\Users\GreenSQA\.m2\repository\org\checkerframework\checker-qual\3.5.0\checker-qual-3.5.0.jar;C:\Users\GreenSQA\.m2\repository\com\google\errorprone\error_prone_annotations\2.3.4\error_prone_annotations-2.3.4.jar;C:\Users\GreenSQA\.m2\repository\com\google\j2objc\j2objc-annotations\1.3\j2objc-annotations-1.3.jar;C:\Users\GreenSQA\.m2\repository\com\google\inject\guice\5.0.1\guice-5.0.1.jar;C:\Users\GreenSQA\.m2\repository\javax\inject\javax.inject\1\javax.inject-1.jar;C:\Users\GreenSQA\.m2\repository\aopalliance\aopalliance\1.0\aopalliance-1.0.jar;C:\Users\GreenSQA\.m2\repository\org\jsoup\jsoup\1.13.1\jsoup-1.13.1.jar;C:\Users\GreenSQA\.m2\repository\com\thoughtworks\xstream\xstream\1.4.18\xstream-1.4.18.jar;C:\Users\GreenSQA\.m2\repository\io\github\x-stream\mxparser\1.2.2\mxparser-1.2.2.jar;C:\Users\GreenSQA\.m2\repository\xmlpull\xmlpull\1.1.3.1\xmlpull-1.1.3.1.jar;C:\Users\GreenSQA\.m2\repository\io\cucumber\cucumber-core\6.10.2\cucumber-core-6.10.2.jar;C:\Users\GreenSQA\.m2\repository\io\cucumber\cucumber-gherkin\6.10.2\cucumber-
Launcher Type: SUN_STANDARD

Environment Variables:
JAVA_HOME=C:\Program Files\Java\jdk1.8.0_291
PATH=C:/Users/GreenSQA/.p2/pool/plugins/org.eclipse.justj.openjdk.hotspot.jre.full.win32.x86_64_16.0.1.v20210528-1205/jre/bin/server;C:/Users/GreenSQA/.p2/pool/plugins/org.eclipse.justj.openjdk.hotspot.jre.full.win32.x86_64_16.0.1.v20210528-1205/jre/bin;C:\Program Files (x86)\Common Files\Oracle\Java\javapath;C:\windows\system32;C:\windows;C:\windows\System32\Wbem;C:\windows\System32\WindowsPowerShell\v1.0\;C:\windows\System32\OpenSSH\;C:\Program Files\TortoiseSVN\bin;C:\Program Files (x86)\Microsoft SQL Server\150\DTS\Binn\;C:\Program Files\dotnet\;C:\Program Files\Microsoft SQL Server\130\Tools\Binn\;C:\Program Files\Microsoft SQL Server\Client SDK\ODBC\170\Tools\Binn\;C:\Program Files\Git\cmd;C:\Program Files (x86)\Pulse Secure\VC142.CRT\X64\;C:\Program Files (x86)\Pulse Secure\VC142.CRT\X86\;C:\Program Files\Java\jdk1.8.0_291\bin;C:\Program Files (x86)\dotnet\;C:\Program Files\Dev_Programs\apache-maven-3.8.2-bin\bin;C:\Users\GreenSQA\AppData\Local\Microsoft\WindowsApps;C:\Users\GreenSQA\.dotnet\tools;C:\Users\GreenSQA\AppData\Local\Programs\Microsoft VS Code\bin;C:\Users\GreenSQA\Desktop;
USERNAME=GreenSQA
OS=Windows_NT
PROCESSOR_IDENTIFIER=Intel64 Family 6 Model 126 Stepping 5, GenuineIntel



---------------  S Y S T E M  ---------------

OS: Windows 10.0 , 64 bit Build 19041 (10.0.19041.1202)

CPU:total 8 (initial active 8) (4 cores per cpu, 2 threads per core) family 6 model 126 stepping 5, cmov, cx8, fxsr, mmx, sse, sse2, sse3, ssse3, sse4.1, sse4.2, popcnt, avx, avx2, aes, clmul, erms, 3dnowpref, lzcnt, ht, tsc, tscinvbit, bmi1, bmi2, adx

Memory: 4k page, physical 8069860k(474716k free), swap 33235684k(4452k free)

vm_info: Java HotSpot(TM) 64-Bit Server VM (25.291-b10) for windows-amd64 JRE (1.8.0_291-b10), built on Apr  9 2021 00:02:00 by "java_re" with MS VC++ 15.9 (VS2017)

time: Sun Oct  3 16:40:04 2021
timezone: Hora de verano central (México)
elapsed time: 29.046652 seconds (0d 0h 0m 29s)

